Performing C SOURCE FILE Test C_SUPPORTS_WERROR_UNGUARDED_AVAILABILITY_NEW failed with the following output:
Change Dir: /home/mehul/Desktop/Out_of_Tree_Pass/build/CMakeFiles/CMakeTmp

Run Build Command(s):/usr/bin/make cmTC_f9475/fast && /usr/bin/make -f CMakeFiles/cmTC_f9475.dir/build.make CMakeFiles/cmTC_f9475.dir/build
make[1]: Entering directory '/home/mehul/Desktop/Out_of_Tree_Pass/build/CMakeFiles/CMakeTmp'
Building C object CMakeFiles/cmTC_f9475.dir/src.c.o
/usr/bin/cc   -fPIC -Werror=date-time -DC_SUPPORTS_WERROR_UNGUARDED_AVAILABILITY_NEW   -Werror -Werror=unguarded-availability-new -o CMakeFiles/cmTC_f9475.dir/src.c.o   -c /home/mehul/Desktop/Out_of_Tree_Pass/build/CMakeFiles/CMakeTmp/src.c
cc1: error: '-Werror=unguarded-availability-new': no option -Wunguarded-availability-new
make[1]: *** [CMakeFiles/cmTC_f9475.dir/build.make:66: CMakeFiles/cmTC_f9475.dir/src.c.o] Error 1
make[1]: Leaving directory '/home/mehul/Desktop/Out_of_Tree_Pass/build/CMakeFiles/CMakeTmp'
make: *** [Makefile:121: cmTC_f9475/fast] Error 2


Source file was:
int main(void) { return 0; }
Performing C++ SOURCE FILE Test CXX_SUPPORTS_WERROR_UNGUARDED_AVAILABILITY_NEW failed with the following output:
Change Dir: /home/mehul/Desktop/Out_of_Tree_Pass/build/CMakeFiles/CMakeTmp

Run Build Command(s):/usr/bin/make cmTC_7a372/fast && /usr/bin/make -f CMakeFiles/cmTC_7a372.dir/build.make CMakeFiles/cmTC_7a372.dir/build
make[1]: Entering directory '/home/mehul/Desktop/Out_of_Tree_Pass/build/CMakeFiles/CMakeTmp'
Building CXX object CMakeFiles/cmTC_7a372.dir/src.cxx.o
/usr/bin/c++    -fPIC -fvisibility-inlines-hidden -Werror=date-time -DCXX_SUPPORTS_WERROR_UNGUARDED_AVAILABILITY_NEW   -Werror -Werror=unguarded-availability-new -o CMakeFiles/cmTC_7a372.dir/src.cxx.o -c /home/mehul/Desktop/Out_of_Tree_Pass/build/CMakeFiles/CMakeTmp/src.cxx
cc1plus: error: '-Werror=unguarded-availability-new': no option -Wunguarded-availability-new
make[1]: *** [CMakeFiles/cmTC_7a372.dir/build.make:66: CMakeFiles/cmTC_7a372.dir/src.cxx.o] Error 1
make[1]: Leaving directory '/home/mehul/Desktop/Out_of_Tree_Pass/build/CMakeFiles/CMakeTmp'
make: *** [Makefile:121: cmTC_7a372/fast] Error 2


Source file was:
int main() { return 0; }
Determining if the os_signpost_interval_begin exist failed with the following output:
Change Dir: /home/mehul/Desktop/Out_of_Tree_Pass/build/CMakeFiles/CMakeTmp

Run Build Command(s):/usr/bin/make cmTC_ac04c/fast && /usr/bin/make -f CMakeFiles/cmTC_ac04c.dir/build.make CMakeFiles/cmTC_ac04c.dir/build
make[1]: Entering directory '/home/mehul/Desktop/Out_of_Tree_Pass/build/CMakeFiles/CMakeTmp'
Building C object CMakeFiles/cmTC_ac04c.dir/CheckSymbolExists.c.o
/usr/bin/cc   -fPIC -Werror=date-time -w -ffunction-sections -fdata-sections    -o CMakeFiles/cmTC_ac04c.dir/CheckSymbolExists.c.o   -c /home/mehul/Desktop/Out_of_Tree_Pass/build/CMakeFiles/CMakeTmp/CheckSymbolExists.c
/home/mehul/Desktop/Out_of_Tree_Pass/build/CMakeFiles/CMakeTmp/CheckSymbolExists.c:2:10: fatal error: os/signpost.h: No such file or directory
    2 | #include <os/signpost.h>
      |          ^~~~~~~~~~~~~~~
compilation terminated.
make[1]: *** [CMakeFiles/cmTC_ac04c.dir/build.make:66: CMakeFiles/cmTC_ac04c.dir/CheckSymbolExists.c.o] Error 1
make[1]: Leaving directory '/home/mehul/Desktop/Out_of_Tree_Pass/build/CMakeFiles/CMakeTmp'
make: *** [Makefile:121: cmTC_ac04c/fast] Error 2


File /home/mehul/Desktop/Out_of_Tree_Pass/build/CMakeFiles/CMakeTmp/CheckSymbolExists.c:
/* */
#include <os/signpost.h>

int main(int argc, char** argv)
{
  (void)argv;
#ifndef os_signpost_interval_begin
  return ((int*)(&os_signpost_interval_begin))[argc];
#else
  (void)argc;
  return 0;
#endif
}
